<?xml version="1.0" encoding="UTF-8"?>
<!-- Generated by org.testng.reporters.JUnitReportReporter -->
<testsuite hostname="WINDOWS-DNK3HSP" failures="0" tests="1" name="Guru99.emailCsvTest" time="33.576" errors="0" timestamp="2020-02-06T10:37:33 EST" skipped="0">
  <testcase classname="Guru99.emailCsvTest" name="userLogin" time="33.576"/>
</testsuite> <!-- Guru99.emailCsvTest -->
