<?xml version="1.0" encoding="UTF-8"?>
<!-- Generated by org.testng.reporters.JUnitReportReporter -->
<testsuite hostname="WINDOWS-DNK3HSP" failures="0" tests="3" name="Guru99.Homepage" time="22.250" errors="0" timestamp="2020-02-03T21:05:28 EST" skipped="0">
  <testcase classname="Guru99.Homepage" name="testCase3" time="7.664"/>
  <testcase classname="Guru99.Homepage" name="testCase1" time="7.440"/>
  <testcase classname="Guru99.Homepage" name="testCase2" time="7.146"/>
</testsuite> <!-- Guru99.Homepage -->
